<?xml version="1.0" encoding="UTF-8"?>
<!-- Generated by org.testng.reporters.JUnitReportReporter -->
<testsuite hostname="LAPTOP-43J3MGE8" failures="0" tests="1" name="cucumberOptions.RunnerClass" time="35.536" errors="0" timestamp="2023-01-17T21:21:10 IST" skipped="0">
  <testcase classname="cucumberOptions.RunnerClass" name="runScenario" time="35.536"/>
  <system-out/>
</testsuite> <!-- cucumberOptions.RunnerClass -->
